mode: set
github.com/herdifirdausss/auth/internal/handler/auth_handler.go:20.88,25.2 1 1
github.com/herdifirdausss/auth/internal/handler/auth_handler.go:27.72,28.33 1 1
github.com/herdifirdausss/auth/internal/handler/auth_handler.go:28.33,31.3 2 0
github.com/herdifirdausss/auth/internal/handler/auth_handler.go:33.2,34.61 2 1
github.com/herdifirdausss/auth/internal/handler/auth_handler.go:34.61,38.3 3 0
github.com/herdifirdausss/auth/internal/handler/auth_handler.go:40.2,44.16 4 1
github.com/herdifirdausss/auth/internal/handler/auth_handler.go:44.16,45.57 1 0
github.com/herdifirdausss/auth/internal/handler/auth_handler.go:45.57,48.4 2 0
github.com/herdifirdausss/auth/internal/handler/auth_handler.go:49.3,49.54 1 0
github.com/herdifirdausss/auth/internal/handler/auth_handler.go:49.54,52.4 2 0
github.com/herdifirdausss/auth/internal/handler/auth_handler.go:53.3,53.49 1 0
github.com/herdifirdausss/auth/internal/handler/auth_handler.go:53.49,56.4 2 0
github.com/herdifirdausss/auth/internal/handler/auth_handler.go:57.3,58.9 2 0
github.com/herdifirdausss/auth/internal/handler/auth_handler.go:61.2,61.43 1 1
github.com/herdifirdausss/auth/internal/handler/auth_handler.go:64.75,65.32 1 0
github.com/herdifirdausss/auth/internal/handler/auth_handler.go:65.32,68.3 2 0
github.com/herdifirdausss/auth/internal/handler/auth_handler.go:70.2,71.17 2 0
github.com/herdifirdausss/auth/internal/handler/auth_handler.go:71.17,74.3 2 0
github.com/herdifirdausss/auth/internal/handler/auth_handler.go:76.2,80.16 4 0
github.com/herdifirdausss/auth/internal/handler/auth_handler.go:80.16,81.58 1 0
github.com/herdifirdausss/auth/internal/handler/auth_handler.go:81.58,84.4 2 0
github.com/herdifirdausss/auth/internal/handler/auth_handler.go:85.3,86.9 2 0
github.com/herdifirdausss/auth/internal/handler/auth_handler.go:89.2,92.4 1 0
github.com/herdifirdausss/auth/internal/handler/auth_handler.go:95.69,96.33 1 1
github.com/herdifirdausss/auth/internal/handler/auth_handler.go:96.33,99.3 2 0
github.com/herdifirdausss/auth/internal/handler/auth_handler.go:101.2,102.61 2 1
github.com/herdifirdausss/auth/internal/handler/auth_handler.go:102.61,106.3 3 0
github.com/herdifirdausss/auth/internal/handler/auth_handler.go:108.2,112.16 4 1
github.com/herdifirdausss/auth/internal/handler/auth_handler.go:112.16,113.65 1 1
github.com/herdifirdausss/auth/internal/handler/auth_handler.go:113.65,116.4 2 1
github.com/herdifirdausss/auth/internal/handler/auth_handler.go:117.3,117.63 1 1
github.com/herdifirdausss/auth/internal/handler/auth_handler.go:117.63,120.4 2 1
github.com/herdifirdausss/auth/internal/handler/auth_handler.go:121.3,121.49 1 0
github.com/herdifirdausss/auth/internal/handler/auth_handler.go:121.49,124.4 2 0
github.com/herdifirdausss/auth/internal/handler/auth_handler.go:125.3,125.57 1 0
github.com/herdifirdausss/auth/internal/handler/auth_handler.go:125.57,128.4 2 0
github.com/herdifirdausss/auth/internal/handler/auth_handler.go:129.3,130.9 2 0
github.com/herdifirdausss/auth/internal/handler/auth_handler.go:133.2,133.28 1 1
github.com/herdifirdausss/auth/internal/handler/auth_handler.go:133.28,144.3 2 1
github.com/herdifirdausss/auth/internal/handler/auth_handler.go:146.2,149.4 1 1
github.com/herdifirdausss/auth/internal/handler/auth_handler.go:152.76,153.33 1 1
github.com/herdifirdausss/auth/internal/handler/auth_handler.go:153.33,156.3 2 0
github.com/herdifirdausss/auth/internal/handler/auth_handler.go:158.2,160.16 3 1
github.com/herdifirdausss/auth/internal/handler/auth_handler.go:160.16,162.3 1 1
github.com/herdifirdausss/auth/internal/handler/auth_handler.go:162.8,165.64 2 1
github.com/herdifirdausss/auth/internal/handler/auth_handler.go:165.64,168.4 1 0
github.com/herdifirdausss/auth/internal/handler/auth_handler.go:171.2,171.22 1 1
github.com/herdifirdausss/auth/internal/handler/auth_handler.go:171.22,174.3 2 1
github.com/herdifirdausss/auth/internal/handler/auth_handler.go:176.2,180.16 4 1
github.com/herdifirdausss/auth/internal/handler/auth_handler.go:180.16,181.59 1 1
github.com/herdifirdausss/auth/internal/handler/auth_handler.go:181.59,193.4 4 1
github.com/herdifirdausss/auth/internal/handler/auth_handler.go:194.3,196.9 3 0
github.com/herdifirdausss/auth/internal/handler/auth_handler.go:199.2,199.28 1 1
github.com/herdifirdausss/auth/internal/handler/auth_handler.go:199.28,210.3 2 1
github.com/herdifirdausss/auth/internal/handler/auth_handler.go:212.2,215.4 1 1
github.com/herdifirdausss/auth/internal/handler/auth_handler.go:218.78,219.33 1 1
github.com/herdifirdausss/auth/internal/handler/auth_handler.go:219.33,222.3 2 1
github.com/herdifirdausss/auth/internal/handler/auth_handler.go:224.2,225.61 2 1
github.com/herdifirdausss/auth/internal/handler/auth_handler.go:225.61,228.3 2 1
github.com/herdifirdausss/auth/internal/handler/auth_handler.go:230.2,239.4 4 1
github.com/herdifirdausss/auth/internal/handler/auth_handler.go:242.77,243.33 1 1
github.com/herdifirdausss/auth/internal/handler/auth_handler.go:243.33,246.3 2 0
github.com/herdifirdausss/auth/internal/handler/auth_handler.go:248.2,249.61 2 1
github.com/herdifirdausss/auth/internal/handler/auth_handler.go:249.61,252.3 2 0
github.com/herdifirdausss/auth/internal/handler/auth_handler.go:254.2,258.16 4 1
github.com/herdifirdausss/auth/internal/handler/auth_handler.go:258.16,261.51 1 1
github.com/herdifirdausss/auth/internal/handler/auth_handler.go:261.51,264.4 2 1
github.com/herdifirdausss/auth/internal/handler/auth_handler.go:265.3,267.9 3 0
github.com/herdifirdausss/auth/internal/handler/auth_handler.go:270.2,273.4 1 1
github.com/herdifirdausss/auth/internal/handler/auth_handler.go:276.70,277.33 1 1
github.com/herdifirdausss/auth/internal/handler/auth_handler.go:277.33,280.3 2 0
github.com/herdifirdausss/auth/internal/handler/auth_handler.go:282.2,283.16 2 1
github.com/herdifirdausss/auth/internal/handler/auth_handler.go:283.16,286.3 2 1
github.com/herdifirdausss/auth/internal/handler/auth_handler.go:288.2,289.16 2 1
github.com/herdifirdausss/auth/internal/handler/auth_handler.go:289.16,292.3 2 0
github.com/herdifirdausss/auth/internal/handler/auth_handler.go:295.2,306.4 2 1
github.com/herdifirdausss/auth/internal/handler/auth_handler.go:309.73,310.33 1 1
github.com/herdifirdausss/auth/internal/handler/auth_handler.go:310.33,313.3 2 0
github.com/herdifirdausss/auth/internal/handler/auth_handler.go:315.2,316.16 2 1
github.com/herdifirdausss/auth/internal/handler/auth_handler.go:316.16,319.3 2 0
github.com/herdifirdausss/auth/internal/handler/auth_handler.go:321.2,322.16 2 1
github.com/herdifirdausss/auth/internal/handler/auth_handler.go:322.16,325.3 2 0
github.com/herdifirdausss/auth/internal/handler/auth_handler.go:328.2,339.4 2 1
github.com/herdifirdausss/auth/internal/handler/auth_handler.go:342.88,346.2 3 1
github.com/herdifirdausss/auth/internal/handler/auth_handler.go:348.87,353.2 1 1
github.com/herdifirdausss/auth/internal/handler/auth_handler.go:355.60,357.2 1 1
github.com/herdifirdausss/auth/internal/handler/ip_utils.go:8.36,13.19 4 1
github.com/herdifirdausss/auth/internal/handler/ip_utils.go:13.19,15.3 1 0
github.com/herdifirdausss/auth/internal/handler/ip_utils.go:17.2,17.24 1 1
github.com/herdifirdausss/auth/internal/handler/ip_utils.go:20.36,22.16 2 1
github.com/herdifirdausss/auth/internal/handler/ip_utils.go:22.16,24.3 1 0
github.com/herdifirdausss/auth/internal/handler/ip_utils.go:25.2,25.26 1 1
github.com/herdifirdausss/auth/internal/handler/mfa_handler.go:18.84,23.2 1 1
github.com/herdifirdausss/auth/internal/handler/mfa_handler.go:25.68,27.16 2 1
github.com/herdifirdausss/auth/internal/handler/mfa_handler.go:27.16,30.3 2 0
github.com/herdifirdausss/auth/internal/handler/mfa_handler.go:32.2,33.16 2 1
github.com/herdifirdausss/auth/internal/handler/mfa_handler.go:33.16,37.3 3 0
github.com/herdifirdausss/auth/internal/handler/mfa_handler.go:39.2,39.38 1 1
github.com/herdifirdausss/auth/internal/handler/mfa_handler.go:42.74,44.16 2 1
github.com/herdifirdausss/auth/internal/handler/mfa_handler.go:44.16,47.3 2 0
github.com/herdifirdausss/auth/internal/handler/mfa_handler.go:49.2,50.61 2 1
github.com/herdifirdausss/auth/internal/handler/mfa_handler.go:50.61,53.3 2 0
github.com/herdifirdausss/auth/internal/handler/mfa_handler.go:55.2,56.16 2 1
github.com/herdifirdausss/auth/internal/handler/mfa_handler.go:56.16,60.3 3 0
github.com/herdifirdausss/auth/internal/handler/mfa_handler.go:62.2,62.38 1 1
github.com/herdifirdausss/auth/internal/handler/mfa_handler.go:65.72,67.61 2 1
github.com/herdifirdausss/auth/internal/handler/mfa_handler.go:67.61,71.3 3 0
github.com/herdifirdausss/auth/internal/handler/mfa_handler.go:73.2,78.16 5 1
github.com/herdifirdausss/auth/internal/handler/mfa_handler.go:78.16,82.3 3 0
github.com/herdifirdausss/auth/internal/handler/mfa_handler.go:84.2,84.28 1 1
github.com/herdifirdausss/auth/internal/handler/mfa_handler.go:84.28,95.3 2 1
github.com/herdifirdausss/auth/internal/handler/mfa_handler.go:97.2,97.38 1 1
github.com/herdifirdausss/auth/internal/handler/mfa_handler.go:100.70,102.16 2 0
github.com/herdifirdausss/auth/internal/handler/mfa_handler.go:102.16,105.3 2 0
github.com/herdifirdausss/auth/internal/handler/mfa_handler.go:107.2,107.77 1 0
github.com/herdifirdausss/auth/internal/handler/mfa_handler.go:107.77,111.3 3 0
github.com/herdifirdausss/auth/internal/handler/mfa_handler.go:113.2,113.100 1 0
github.com/herdifirdausss/auth/internal/handler/mfa_handler.go:116.87,120.2 3 1
github.com/herdifirdausss/auth/internal/handler/mfa_handler.go:122.86,127.2 1 0
github.com/herdifirdausss/auth/internal/handler/mfa_handler.go:129.59,131.2 1 1
github.com/herdifirdausss/auth/internal/handler/user_handler.go:12.36,14.2 1 1
github.com/herdifirdausss/auth/internal/handler/user_handler.go:16.66,18.16 2 1
github.com/herdifirdausss/auth/internal/handler/user_handler.go:18.16,21.3 2 1
github.com/herdifirdausss/auth/internal/handler/user_handler.go:23.2,27.4 2 1
github.com/herdifirdausss/auth/internal/middleware/audit_log.go:13.88,14.46 1 1
github.com/herdifirdausss/auth/internal/middleware/audit_log.go:14.46,15.72 1 1
github.com/herdifirdausss/auth/internal/middleware/audit_log.go:15.72,20.99 2 1
github.com/herdifirdausss/auth/internal/middleware/audit_log.go:20.99,22.5 1 1
github.com/herdifirdausss/auth/internal/middleware/audit_log.go:25.4,25.91 1 1
github.com/herdifirdausss/auth/internal/middleware/audit_log.go:25.92,28.5 0 0
github.com/herdifirdausss/auth/internal/middleware/audit_log.go:30.4,32.36 3 1
github.com/herdifirdausss/auth/internal/middleware/audit_log.go:32.36,34.5 1 1
github.com/herdifirdausss/auth/internal/middleware/audit_log.go:37.4,38.16 2 1
github.com/herdifirdausss/auth/internal/middleware/audit_log.go:38.16,40.5 1 1
github.com/herdifirdausss/auth/internal/middleware/audit_log.go:42.4,54.47 2 1
github.com/herdifirdausss/auth/internal/middleware/auth_middleware.go:20.179,27.2 1 1
github.com/herdifirdausss/auth/internal/middleware/auth_middleware.go:29.71,30.71 1 1
github.com/herdifirdausss/auth/internal/middleware/auth_middleware.go:30.71,33.17 2 1
github.com/herdifirdausss/auth/internal/middleware/auth_middleware.go:33.17,36.4 2 1
github.com/herdifirdausss/auth/internal/middleware/auth_middleware.go:39.3,40.17 2 1
github.com/herdifirdausss/auth/internal/middleware/auth_middleware.go:40.17,43.4 2 1
github.com/herdifirdausss/auth/internal/middleware/auth_middleware.go:49.3,50.35 2 1
github.com/herdifirdausss/auth/internal/middleware/auth_middleware.go:50.35,53.38 2 1
github.com/herdifirdausss/auth/internal/middleware/auth_middleware.go:53.38,56.5 2 0
github.com/herdifirdausss/auth/internal/middleware/auth_middleware.go:57.4,64.33 2 1
github.com/herdifirdausss/auth/internal/middleware/auth_middleware.go:64.33,66.5 1 0
github.com/herdifirdausss/auth/internal/middleware/auth_middleware.go:68.4,68.56 1 1
github.com/herdifirdausss/auth/internal/middleware/auth_middleware.go:72.3,72.38 1 1
github.com/herdifirdausss/auth/internal/middleware/auth_middleware.go:72.38,75.4 2 1
github.com/herdifirdausss/auth/internal/middleware/auth_middleware.go:78.3,78.43 1 1
github.com/herdifirdausss/auth/internal/middleware/auth_middleware.go:78.43,81.4 2 1
github.com/herdifirdausss/auth/internal/middleware/auth_middleware.go:84.3,84.47 1 1
github.com/herdifirdausss/auth/internal/middleware/auth_middleware.go:84.47,89.4 4 1
github.com/herdifirdausss/auth/internal/middleware/auth_middleware.go:94.3,95.41 2 1
github.com/herdifirdausss/auth/internal/middleware/auth_middleware.go:95.41,100.4 3 1
github.com/herdifirdausss/auth/internal/middleware/auth_middleware.go:103.3,112.40 3 1
github.com/herdifirdausss/auth/internal/middleware/auth_middleware.go:115.91,116.46 1 1
github.com/herdifirdausss/auth/internal/middleware/auth_middleware.go:116.46,117.72 1 1
github.com/herdifirdausss/auth/internal/middleware/auth_middleware.go:117.72,119.18 2 1
github.com/herdifirdausss/auth/internal/middleware/auth_middleware.go:119.18,122.5 2 0
github.com/herdifirdausss/auth/internal/middleware/auth_middleware.go:124.4,124.30 1 1
github.com/herdifirdausss/auth/internal/middleware/auth_middleware.go:124.30,127.5 2 0
github.com/herdifirdausss/auth/internal/middleware/auth_middleware.go:129.4,130.18 2 1
github.com/herdifirdausss/auth/internal/middleware/auth_middleware.go:130.18,133.5 2 0
github.com/herdifirdausss/auth/internal/middleware/auth_middleware.go:135.4,136.34 2 1
github.com/herdifirdausss/auth/internal/middleware/auth_middleware.go:136.34,137.39 1 1
github.com/herdifirdausss/auth/internal/middleware/auth_middleware.go:137.39,139.11 2 1
github.com/herdifirdausss/auth/internal/middleware/auth_middleware.go:143.4,143.16 1 1
github.com/herdifirdausss/auth/internal/middleware/auth_middleware.go:143.16,146.5 2 1
github.com/herdifirdausss/auth/internal/middleware/auth_middleware.go:148.4,148.24 1 1
github.com/herdifirdausss/auth/internal/middleware/auth_middleware.go:153.53,154.20 1 1
github.com/herdifirdausss/auth/internal/middleware/auth_middleware.go:154.20,156.3 1 0
github.com/herdifirdausss/auth/internal/middleware/auth_middleware.go:157.2,157.25 1 1
github.com/herdifirdausss/auth/internal/middleware/auth_middleware.go:157.25,159.3 1 1
github.com/herdifirdausss/auth/internal/middleware/auth_middleware.go:160.2,160.38 1 1
github.com/herdifirdausss/auth/internal/middleware/auth_middleware.go:160.38,163.3 2 1
github.com/herdifirdausss/auth/internal/middleware/auth_middleware.go:164.2,164.14 1 1
github.com/herdifirdausss/auth/internal/middleware/auth_middleware.go:167.60,169.2 1 1
github.com/herdifirdausss/auth/internal/middleware/context.go:21.77,23.2 1 1
github.com/herdifirdausss/auth/internal/middleware/context.go:25.64,27.16 2 1
github.com/herdifirdausss/auth/internal/middleware/context.go:27.16,29.3 1 1
github.com/herdifirdausss/auth/internal/middleware/context.go:30.2,31.9 2 1
github.com/herdifirdausss/auth/internal/middleware/context.go:31.9,33.3 1 0
github.com/herdifirdausss/auth/internal/middleware/context.go:34.2,34.18 1 1
github.com/herdifirdausss/auth/internal/middleware/cors.go:17.62,18.46 1 1
github.com/herdifirdausss/auth/internal/middleware/cors.go:18.46,19.72 1 1
github.com/herdifirdausss/auth/internal/middleware/cors.go:19.72,21.20 2 1
github.com/herdifirdausss/auth/internal/middleware/cors.go:21.20,24.5 2 0
github.com/herdifirdausss/auth/internal/middleware/cors.go:26.4,27.44 2 1
github.com/herdifirdausss/auth/internal/middleware/cors.go:27.44,28.32 1 1
github.com/herdifirdausss/auth/internal/middleware/cors.go:28.32,30.11 2 1
github.com/herdifirdausss/auth/internal/middleware/cors.go:34.4,34.16 1 1
github.com/herdifirdausss/auth/internal/middleware/cors.go:34.16,41.5 2 1
github.com/herdifirdausss/auth/internal/middleware/cors.go:43.4,45.31 2 1
github.com/herdifirdausss/auth/internal/middleware/cors.go:45.31,47.5 1 1
github.com/herdifirdausss/auth/internal/middleware/cors.go:49.4,49.38 1 1
github.com/herdifirdausss/auth/internal/middleware/cors.go:49.38,50.39 1 1
github.com/herdifirdausss/auth/internal/middleware/cors.go:50.39,52.6 1 1
github.com/herdifirdausss/auth/internal/middleware/cors.go:53.5,53.39 1 1
github.com/herdifirdausss/auth/internal/middleware/cors.go:53.39,55.6 1 1
github.com/herdifirdausss/auth/internal/middleware/cors.go:56.5,56.26 1 1
github.com/herdifirdausss/auth/internal/middleware/cors.go:56.26,58.6 1 1
github.com/herdifirdausss/auth/internal/middleware/cors.go:59.5,60.11 2 1
github.com/herdifirdausss/auth/internal/middleware/cors.go:63.4,63.24 1 1
github.com/herdifirdausss/auth/internal/middleware/csrf.go:10.87,11.46 1 1
github.com/herdifirdausss/auth/internal/middleware/csrf.go:11.46,12.72 1 1
github.com/herdifirdausss/auth/internal/middleware/csrf.go:12.72,13.99 1 1
github.com/herdifirdausss/auth/internal/middleware/csrf.go:13.99,16.5 2 1
github.com/herdifirdausss/auth/internal/middleware/csrf.go:18.4,19.19 2 1
github.com/herdifirdausss/auth/internal/middleware/csrf.go:19.19,22.5 2 1
github.com/herdifirdausss/auth/internal/middleware/csrf.go:24.4,25.45 2 1
github.com/herdifirdausss/auth/internal/middleware/csrf.go:25.45,28.5 2 0
github.com/herdifirdausss/auth/internal/middleware/csrf.go:30.4,31.18 2 1
github.com/herdifirdausss/auth/internal/middleware/csrf.go:31.18,34.5 2 1
github.com/herdifirdausss/auth/internal/middleware/csrf.go:36.4,36.14 1 1
github.com/herdifirdausss/auth/internal/middleware/csrf.go:36.14,39.5 2 1
github.com/herdifirdausss/auth/internal/middleware/csrf.go:41.4,41.24 1 1
github.com/herdifirdausss/auth/internal/middleware/helpers.go:11.58,13.22 2 1
github.com/herdifirdausss/auth/internal/middleware/helpers.go:13.22,15.3 1 1
github.com/herdifirdausss/auth/internal/middleware/helpers.go:17.2,18.99 2 1
github.com/herdifirdausss/auth/internal/middleware/helpers.go:18.99,20.3 1 1
github.com/herdifirdausss/auth/internal/middleware/helpers.go:22.2,22.22 1 1
github.com/herdifirdausss/auth/internal/middleware/helpers.go:25.56,27.2 1 1
github.com/herdifirdausss/auth/internal/middleware/helpers.go:29.63,36.2 3 1
github.com/herdifirdausss/auth/internal/middleware/helpers.go:37.68,44.2 3 1
github.com/herdifirdausss/auth/internal/middleware/logging.go:15.49,18.2 2 0
github.com/herdifirdausss/auth/internal/middleware/logging.go:22.52,23.71 1 0
github.com/herdifirdausss/auth/internal/middleware/logging.go:23.71,40.16 4 0
github.com/herdifirdausss/auth/internal/middleware/logging.go:40.16,50.4 2 0
github.com/herdifirdausss/auth/internal/middleware/logging.go:52.3,52.35 1 0
github.com/herdifirdausss/auth/internal/middleware/permission_middleware.go:10.114,11.46 1 1
github.com/herdifirdausss/auth/internal/middleware/permission_middleware.go:11.46,12.72 1 1
github.com/herdifirdausss/auth/internal/middleware/permission_middleware.go:12.72,14.18 2 1
github.com/herdifirdausss/auth/internal/middleware/permission_middleware.go:14.18,17.5 2 1
github.com/herdifirdausss/auth/internal/middleware/permission_middleware.go:19.4,20.18 2 1
github.com/herdifirdausss/auth/internal/middleware/permission_middleware.go:20.18,23.5 2 1
github.com/herdifirdausss/auth/internal/middleware/permission_middleware.go:25.4,25.16 1 1
github.com/herdifirdausss/auth/internal/middleware/permission_middleware.go:25.16,28.5 2 1
github.com/herdifirdausss/auth/internal/middleware/permission_middleware.go:30.4,30.24 1 1
github.com/herdifirdausss/auth/internal/middleware/request_id.go:15.48,16.71 1 1
github.com/herdifirdausss/auth/internal/middleware/request_id.go:16.71,23.3 4 1
github.com/herdifirdausss/auth/internal/middleware/request_id.go:27.47,28.53 1 1
github.com/herdifirdausss/auth/internal/middleware/request_id.go:28.53,30.3 1 1
github.com/herdifirdausss/auth/internal/middleware/request_id.go:31.2,31.11 1 1
github.com/herdifirdausss/auth/internal/middleware/security_headers.go:8.54,9.71 1 1
github.com/herdifirdausss/auth/internal/middleware/security_headers.go:9.71,20.3 9 1
