mode: set
github.com/herdifirdausss/auth/internal/middleware/audit_log.go:13.88,14.46 1 1
github.com/herdifirdausss/auth/internal/middleware/audit_log.go:14.46,15.72 1 1
github.com/herdifirdausss/auth/internal/middleware/audit_log.go:15.72,20.99 2 1
github.com/herdifirdausss/auth/internal/middleware/audit_log.go:20.99,22.5 1 1
github.com/herdifirdausss/auth/internal/middleware/audit_log.go:25.4,25.91 1 1
github.com/herdifirdausss/auth/internal/middleware/audit_log.go:25.92,28.5 0 0
github.com/herdifirdausss/auth/internal/middleware/audit_log.go:30.4,32.36 3 1
github.com/herdifirdausss/auth/internal/middleware/audit_log.go:32.36,34.5 1 1
github.com/herdifirdausss/auth/internal/middleware/audit_log.go:37.4,38.16 2 1
github.com/herdifirdausss/auth/internal/middleware/audit_log.go:38.16,40.5 1 1
github.com/herdifirdausss/auth/internal/middleware/audit_log.go:42.4,54.47 2 1
github.com/herdifirdausss/auth/internal/middleware/auth_middleware.go:20.179,27.2 1 1
github.com/herdifirdausss/auth/internal/middleware/auth_middleware.go:29.71,30.71 1 0
github.com/herdifirdausss/auth/internal/middleware/auth_middleware.go:30.71,33.17 2 0
github.com/herdifirdausss/auth/internal/middleware/auth_middleware.go:33.17,36.4 2 0
github.com/herdifirdausss/auth/internal/middleware/auth_middleware.go:39.3,40.17 2 0
github.com/herdifirdausss/auth/internal/middleware/auth_middleware.go:40.17,43.4 2 0
github.com/herdifirdausss/auth/internal/middleware/auth_middleware.go:46.3,50.35 3 0
github.com/herdifirdausss/auth/internal/middleware/auth_middleware.go:50.35,53.38 2 0
github.com/herdifirdausss/auth/internal/middleware/auth_middleware.go:53.38,56.5 2 0
github.com/herdifirdausss/auth/internal/middleware/auth_middleware.go:57.4,64.33 2 0
github.com/herdifirdausss/auth/internal/middleware/auth_middleware.go:64.33,66.5 1 0
github.com/herdifirdausss/auth/internal/middleware/auth_middleware.go:68.4,68.55 1 0
github.com/herdifirdausss/auth/internal/middleware/auth_middleware.go:72.3,72.38 1 0
github.com/herdifirdausss/auth/internal/middleware/auth_middleware.go:72.38,75.4 2 0
github.com/herdifirdausss/auth/internal/middleware/auth_middleware.go:78.3,78.43 1 0
github.com/herdifirdausss/auth/internal/middleware/auth_middleware.go:78.43,81.4 2 0
github.com/herdifirdausss/auth/internal/middleware/auth_middleware.go:84.3,84.47 1 0
github.com/herdifirdausss/auth/internal/middleware/auth_middleware.go:84.47,89.4 4 0
github.com/herdifirdausss/auth/internal/middleware/auth_middleware.go:94.3,95.41 2 0
github.com/herdifirdausss/auth/internal/middleware/auth_middleware.go:95.41,100.4 3 0
github.com/herdifirdausss/auth/internal/middleware/auth_middleware.go:103.3,112.40 3 0
github.com/herdifirdausss/auth/internal/middleware/auth_middleware.go:115.91,116.46 1 1
github.com/herdifirdausss/auth/internal/middleware/auth_middleware.go:116.46,117.72 1 1
github.com/herdifirdausss/auth/internal/middleware/auth_middleware.go:117.72,119.18 2 1
github.com/herdifirdausss/auth/internal/middleware/auth_middleware.go:119.18,122.5 2 0
github.com/herdifirdausss/auth/internal/middleware/auth_middleware.go:124.4,124.30 1 1
github.com/herdifirdausss/auth/internal/middleware/auth_middleware.go:124.30,127.5 2 0
github.com/herdifirdausss/auth/internal/middleware/auth_middleware.go:129.4,130.18 2 1
github.com/herdifirdausss/auth/internal/middleware/auth_middleware.go:130.18,133.5 2 0
github.com/herdifirdausss/auth/internal/middleware/auth_middleware.go:135.4,136.34 2 1
github.com/herdifirdausss/auth/internal/middleware/auth_middleware.go:136.34,137.39 1 1
github.com/herdifirdausss/auth/internal/middleware/auth_middleware.go:137.39,139.11 2 1
github.com/herdifirdausss/auth/internal/middleware/auth_middleware.go:143.4,143.16 1 1
github.com/herdifirdausss/auth/internal/middleware/auth_middleware.go:143.16,146.5 2 1
github.com/herdifirdausss/auth/internal/middleware/auth_middleware.go:148.4,148.24 1 1
github.com/herdifirdausss/auth/internal/middleware/auth_middleware.go:153.53,154.20 1 1
github.com/herdifirdausss/auth/internal/middleware/auth_middleware.go:154.20,156.3 1 0
github.com/herdifirdausss/auth/internal/middleware/auth_middleware.go:157.2,157.25 1 1
github.com/herdifirdausss/auth/internal/middleware/auth_middleware.go:157.25,159.3 1 1
github.com/herdifirdausss/auth/internal/middleware/auth_middleware.go:160.2,160.38 1 1
github.com/herdifirdausss/auth/internal/middleware/auth_middleware.go:160.38,163.3 2 1
github.com/herdifirdausss/auth/internal/middleware/auth_middleware.go:164.2,164.14 1 1
github.com/herdifirdausss/auth/internal/middleware/auth_middleware.go:167.60,169.2 1 1
github.com/herdifirdausss/auth/internal/middleware/context.go:21.77,23.2 1 1
github.com/herdifirdausss/auth/internal/middleware/context.go:25.64,27.16 2 1
github.com/herdifirdausss/auth/internal/middleware/context.go:27.16,29.3 1 1
github.com/herdifirdausss/auth/internal/middleware/context.go:30.2,31.9 2 1
github.com/herdifirdausss/auth/internal/middleware/context.go:31.9,33.3 1 0
github.com/herdifirdausss/auth/internal/middleware/context.go:34.2,34.18 1 1
github.com/herdifirdausss/auth/internal/middleware/cors.go:17.62,18.46 1 1
github.com/herdifirdausss/auth/internal/middleware/cors.go:18.46,19.72 1 1
github.com/herdifirdausss/auth/internal/middleware/cors.go:19.72,21.20 2 1
github.com/herdifirdausss/auth/internal/middleware/cors.go:21.20,24.5 2 0
github.com/herdifirdausss/auth/internal/middleware/cors.go:26.4,27.44 2 1
github.com/herdifirdausss/auth/internal/middleware/cors.go:27.44,28.32 1 1
github.com/herdifirdausss/auth/internal/middleware/cors.go:28.32,30.11 2 1
github.com/herdifirdausss/auth/internal/middleware/cors.go:34.4,34.16 1 1
github.com/herdifirdausss/auth/internal/middleware/cors.go:34.16,41.5 2 1
github.com/herdifirdausss/auth/internal/middleware/cors.go:43.4,45.31 2 1
github.com/herdifirdausss/auth/internal/middleware/cors.go:45.31,47.5 1 1
github.com/herdifirdausss/auth/internal/middleware/cors.go:49.4,49.38 1 1
github.com/herdifirdausss/auth/internal/middleware/cors.go:49.38,50.39 1 1
github.com/herdifirdausss/auth/internal/middleware/cors.go:50.39,52.6 1 1
github.com/herdifirdausss/auth/internal/middleware/cors.go:53.5,53.39 1 1
github.com/herdifirdausss/auth/internal/middleware/cors.go:53.39,55.6 1 1
github.com/herdifirdausss/auth/internal/middleware/cors.go:56.5,56.26 1 1
github.com/herdifirdausss/auth/internal/middleware/cors.go:56.26,58.6 1 1
github.com/herdifirdausss/auth/internal/middleware/cors.go:59.5,60.11 2 1
github.com/herdifirdausss/auth/internal/middleware/cors.go:63.4,63.24 1 1
github.com/herdifirdausss/auth/internal/middleware/csrf.go:10.87,11.46 1 1
github.com/herdifirdausss/auth/internal/middleware/csrf.go:11.46,12.72 1 1
github.com/herdifirdausss/auth/internal/middleware/csrf.go:12.72,13.99 1 1
github.com/herdifirdausss/auth/internal/middleware/csrf.go:13.99,16.5 2 1
github.com/herdifirdausss/auth/internal/middleware/csrf.go:18.4,19.19 2 1
github.com/herdifirdausss/auth/internal/middleware/csrf.go:19.19,22.5 2 1
github.com/herdifirdausss/auth/internal/middleware/csrf.go:24.4,25.45 2 1
github.com/herdifirdausss/auth/internal/middleware/csrf.go:25.45,28.5 2 0
github.com/herdifirdausss/auth/internal/middleware/csrf.go:30.4,31.18 2 1
github.com/herdifirdausss/auth/internal/middleware/csrf.go:31.18,34.5 2 1
github.com/herdifirdausss/auth/internal/middleware/csrf.go:36.4,36.14 1 1
github.com/herdifirdausss/auth/internal/middleware/csrf.go:36.14,39.5 2 1
github.com/herdifirdausss/auth/internal/middleware/csrf.go:41.4,41.24 1 1
github.com/herdifirdausss/auth/internal/middleware/helpers.go:11.58,13.22 2 1
github.com/herdifirdausss/auth/internal/middleware/helpers.go:13.22,15.3 1 1
github.com/herdifirdausss/auth/internal/middleware/helpers.go:17.2,18.99 2 1
github.com/herdifirdausss/auth/internal/middleware/helpers.go:18.99,20.3 1 1
github.com/herdifirdausss/auth/internal/middleware/helpers.go:22.2,22.22 1 1
github.com/herdifirdausss/auth/internal/middleware/helpers.go:25.56,27.2 1 1
github.com/herdifirdausss/auth/internal/middleware/helpers.go:29.63,36.2 3 1
github.com/herdifirdausss/auth/internal/middleware/helpers.go:37.68,44.2 3 1
github.com/herdifirdausss/auth/internal/middleware/permission_middleware.go:10.114,11.46 1 1
github.com/herdifirdausss/auth/internal/middleware/permission_middleware.go:11.46,12.72 1 1
github.com/herdifirdausss/auth/internal/middleware/permission_middleware.go:12.72,14.18 2 1
github.com/herdifirdausss/auth/internal/middleware/permission_middleware.go:14.18,17.5 2 1
github.com/herdifirdausss/auth/internal/middleware/permission_middleware.go:19.4,20.18 2 1
github.com/herdifirdausss/auth/internal/middleware/permission_middleware.go:20.18,23.5 2 1
github.com/herdifirdausss/auth/internal/middleware/permission_middleware.go:25.4,25.16 1 1
github.com/herdifirdausss/auth/internal/middleware/permission_middleware.go:25.16,28.5 2 1
github.com/herdifirdausss/auth/internal/middleware/permission_middleware.go:30.4,30.24 1 1
github.com/herdifirdausss/auth/internal/middleware/request_id.go:15.48,16.71 1 1
github.com/herdifirdausss/auth/internal/middleware/request_id.go:16.71,23.3 4 1
github.com/herdifirdausss/auth/internal/middleware/request_id.go:27.47,28.53 1 1
github.com/herdifirdausss/auth/internal/middleware/request_id.go:28.53,30.3 1 1
github.com/herdifirdausss/auth/internal/middleware/request_id.go:31.2,31.11 1 1
github.com/herdifirdausss/auth/internal/middleware/security_headers.go:8.54,9.71 1 1
github.com/herdifirdausss/auth/internal/middleware/security_headers.go:9.71,20.3 9 1
